<?xml version="1.0" encoding="UTF-8"?>
<!-- Generated by org.testng.reporters.JUnitXMLReporter -->
<testsuite hostname="WS-63697" name="Welcome_Home_Article" tests="29" failures="0" timestamp="2 Mar 2017 22:17:12 GMT" time="325.61" errors="0">
  <testcase name="TC001_MR_WelcomePage" time="5.601" classname="TestCases.TestCases"/>
  <testcase name="TC002_MR_HomePage" time="29.731" classname="TestCases.TestCases"/>
  <testcase name="TC003_MR_ArticlePage" time="218.914" classname="TestCases.TestCases"/>
  <testcase name="TC029_MR_LevelUpPage" time="65.151" classname="TestCases.TestCases"/>
  <testcase name="TC004_MR_ContributorPage" time="0.0" classname="TestCases.TestCases">
    <skipped/>
  </testcase> <!-- TC004_MR_ContributorPage -->
  <testcase name="TC005_MR_BVPageTest" time="0.0" classname="TestCases.TestCases">
    <skipped/>
  </testcase> <!-- TC005_MR_BVPageTest -->
  <testcase name="TC028_MR_PodcastsPage" time="0.0" classname="TestCases.TestCases">
    <skipped/>
  </testcase> <!-- TC028_MR_PodcastsPage -->
  <testcase name="TC006_MR_NewPostPage" time="0.0" classname="TestCases.TestCases">
    <skipped/>
  </testcase> <!-- TC006_MR_NewPostPage -->
  <testcase name="TC007_MR_MostPopularPage" time="0.0" classname="TestCases.TestCases">
    <skipped/>
  </testcase> <!-- TC007_MR_MostPopularPage -->
  <testcase name="TC008_MR_AngularGalleryCheck" time="0.0" classname="TestCases.TestCases">
    <skipped/>
  </testcase> <!-- TC008_MR_AngularGalleryCheck -->
  <testcase name="TC009_MR_VideoPage" time="0.0" classname="TestCases.TestCases">
    <skipped/>
  </testcase> <!-- TC009_MR_VideoPage -->
  <testcase name="TC010_MR_CSFPageCheck" time="0.0" classname="TestCases.TestCases">
    <skipped/>
  </testcase> <!-- TC010_MR_CSFPageCheck -->
  <testcase name="TC011_MR_CSRPageCheck" time="0.0" classname="TestCases.TestCases">
    <skipped/>
  </testcase> <!-- TC011_MR_CSRPageCheck -->
  <testcase name="TC012_MR_ListsPage" time="0.0" classname="TestCases.TestCases">
    <skipped/>
  </testcase> <!-- TC012_MR_ListsPage -->
  <testcase name="TC013_MR_SearchPage" time="0.001" classname="TestCases.TestCases">
    <skipped/>
  </testcase> <!-- TC013_MR_SearchPage -->
  <testcase name="TC014_MR_EditorsPickPage" time="0.0" classname="TestCases.TestCases">
    <skipped/>
  </testcase> <!-- TC014_MR_EditorsPickPage -->
  <testcase name="TC015_MR_WelcomeArticlePage" time="0.0" classname="TestCases.TestCases">
    <skipped/>
  </testcase> <!-- TC015_MR_WelcomeArticlePage -->
  <testcase name="TC016_MR_WelcomeGalleryPage" time="0.0" classname="TestCases.TestCases">
    <skipped/>
  </testcase> <!-- TC016_MR_WelcomeGalleryPage -->
  <testcase name="TC017_MR_404ReportPage" time="0.0" classname="TestCases.TestCases">
    <skipped/>
  </testcase> <!-- TC017_MR_404ReportPage -->
  <testcase name="TC021_MR_AMPPage" time="0.0" classname="TestCases.TestCases">
    <skipped/>
  </testcase> <!-- TC021_MR_AMPPage -->
  <testcase name="TC022_MR_SFPage" time="0.0" classname="TestCases.TestCases">
    <skipped/>
  </testcase> <!-- TC022_MR_SFPage -->
  <testcase name="TC023_MR_DellSFPage" time="0.0" classname="TestCases.TestCases">
    <skipped/>
  </testcase> <!-- TC023_MR_DellSFPage -->
  <testcase name="TC024_MR_JohnHancockSFPage" time="0.001" classname="TestCases.TestCases">
    <skipped/>
  </testcase> <!-- TC024_MR_JohnHancockSFPage -->
  <testcase name="TC025_MR_OppenheimerFundsPage" time="0.0" classname="TestCases.TestCases">
    <skipped/>
  </testcase> <!-- TC025_MR_OppenheimerFundsPage -->
  <testcase name="TC026_MR_KPMGSFPage" time="0.0" classname="TestCases.TestCases">
    <skipped/>
  </testcase> <!-- TC026_MR_KPMGSFPage -->
  <testcase name="TC027_MR_LoginHPArticlePage" time="0.001" classname="TestCases.TestCases">
    <skipped/>
  </testcase> <!-- TC027_MR_LoginHPArticlePage -->
  <testcase name="TC037_MR_MostPopularHashPage" time="0.0" classname="TestCases.TestCases">
    <skipped/>
  </testcase> <!-- TC037_MR_MostPopularHashPage -->
  <testcase name="TC33_MR_GroupContributorPage" time="0.0" classname="TestCases.TestCases">
    <skipped/>
  </testcase> <!-- TC33_MR_GroupContributorPage -->
  <testcase name="TC039_MR_ForbesOnTrumpPageValidation" time="0.0" classname="TestCases.TestCases">
    <skipped/>
  </testcase> <!-- TC039_MR_ForbesOnTrumpPageValidation -->
</testsuite> <!-- Welcome_Home_Article -->
